0 verbose cli F:\Program Files\nodejs\node.exe F:\Program Files\nodejs\node_modules\npm\bin\npm-cli.js
1 info using npm@10.9.2
2 info using node@v22.16.0
3 silly config load:file:F:\Program Files\nodejs\node_modules\npm\npmrc
4 silly config load:file:f:\res\dev\Resumate\.npmrc
5 silly config load:file:F:\Users\Admin\.npmrc
6 silly config load:file:F:\Users\Admin\AppData\Roaming\npm\etc\npmrc
7 verbose title npm view eslint description dist-tags.latest homepage version time
8 verbose argv "view" "--json" "--" "eslint" "description" "dist-tags.latest" "homepage" "version" "time"
9 verbose logfile logs-max:10 dir:f:\res\dev\Resumate\.npm-cache\_logs\2025-07-19T20_40_28_596Z-
10 verbose logfile f:\res\dev\Resumate\.npm-cache\_logs\2025-07-19T20_40_28_596Z-debug-0.log
11 silly logfile start cleaning logs, removing 1 files
12 silly logfile done cleaning log files
13 http fetch GET 200 https://registry.npmjs.org/eslint 1934ms (cache revalidated)
14 verbose cwd f:\res\dev\Resumate
15 verbose os Windows_NT 10.0.26100
16 verbose node v22.16.0
17 verbose npm  v10.9.2
18 verbose exit 0
19 info ok
